<?xml version="1.0" encoding="UTF-8"?>
<!-- Generated by org.testng.reporters.JUnitReportReporter -->
<testsuite skipped="0" hostname="LAPTOP-37CPKV0R" name="com.zoopla.testcases.TC_Searchforsale" tests="1" failures="0" timestamp="08 Jan 2021 23:50:43 GMT" time="11.474" errors="0">
  <testcase name="searchlocation" time="11.474" classname="com.zoopla.testcases.TC_Searchforsale"/>
</testsuite> <!-- com.zoopla.testcases.TC_Searchforsale -->
